{
  "RSpec": {
    "coverage": {
      "/Users/gpereira/Projects/edgepetrol/danger-rcov/lib/danger_plugin.rb": {
        "lines": [
          null,
          null,
          1
        ]
      },
      "/Users/gpereira/Projects/edgepetrol/danger-rcov/lib/rcov/plugin.rb": {
        "lines": [
          null,
          null,
          1,
          1,
          null,
          1,
          1,
          1,
          null,
          2,
          null,
          2,
          null,
          2,
          null,
          2,
          null,
          2,
          1,
          null,
          null,
          null,
          2,
          null,
          null,
          1,
          null,
          1,
          4,
          null,
          4,
          null,
          8,
          null,
          8,
          null,
          4,
          null,
          4,
          null,
          4,
          null,
          null,
          1,
          2,
          2,
          2,
          2,
          null,
          2,
          2,
          2,
          2,
          2,
          null,
          null,
          2,
          2,
          2,
          2,
          2,
          2,
          2,
          2,
          2,
          2,
          null,
          null,
          1,
          6,
          null,
          null,
          1,
          8,
          8,
          8,
          8,
          null,
          8,
          8,
          8,
          8,
          null,
          null,
          1,
          35,
          null,
          null,
          1,
          8,
          null,
          null,
          null
        ]
      }
    },
    "timestamp": 1597705162
  }
}
